<?xml version="1.0" encoding="UTF-8"?>
<coverage generated="1665926054745" clover="3.2.0">
  <project timestamp="1665926054746" name="All files">
    <metrics statements="138" coveredstatements="109" conditionals="61" coveredconditionals="32" methods="34" coveredmethods="21" elements="233" coveredelements="162" complexity="0" loc="138" ncloc="138" packages="8" files="19" classes="19"/>
    <package name="members-and-teams">
      <metrics statements="8" coveredstatements="3" conditionals="2" coveredconditionals="0" methods="2" coveredmethods="0"/>
      <file name="store.js" path="/Users/theodericonipe/Documents/react-native-tests/members-and-teams/store.js">
        <metrics statements="8" coveredstatements="3" conditionals="2" coveredconditionals="0" methods="2" coveredmethods="0"/>
        <line num="3" count="2" type="stmt"/>
        <line num="7" count="2" type="stmt"/>
        <line num="9" count="2" type="stmt"/>
        <line num="10" count="0" type="stmt"/>
        <line num="11" count="0" type="cond" truecount="0" falsecount="2"/>
        <line num="13" count="0" type="stmt"/>
        <line num="16" count="0" type="stmt"/>
        <line num="19" count="0" type="stmt"/>
      </file>
    </package>
    <package name="members-and-teams.assets.images">
      <metrics statements="2" coveredstatements="2" conditionals="0" coveredconditionals="0" methods="0" coveredmethods="0"/>
      <file name="back.png" path="/Users/theodericonipe/Documents/react-native-tests/members-and-teams/assets/images/back.png">
        <metrics statements="1" coveredstatements="1" conditionals="0" coveredconditionals="0" methods="0" coveredmethods="0"/>
        <line num="1" count="5" type="stmt"/>
      </file>
      <file name="user.png" path="/Users/theodericonipe/Documents/react-native-tests/members-and-teams/assets/images/user.png">
        <metrics statements="1" coveredstatements="1" conditionals="0" coveredconditionals="0" methods="0" coveredmethods="0"/>
        <line num="1" count="2" type="stmt"/>
      </file>
    </package>
    <package name="members-and-teams.src.__tests__.components.mock">
      <metrics statements="5" coveredstatements="5" conditionals="0" coveredconditionals="0" methods="0" coveredmethods="0"/>
      <file name="members.js" path="/Users/theodericonipe/Documents/react-native-tests/members-and-teams/src/__tests__/components/mock/members.js">
        <metrics statements="5" coveredstatements="5" conditionals="0" coveredconditionals="0" methods="0" coveredmethods="0"/>
        <line num="2" count="2" type="stmt"/>
        <line num="6" count="2" type="stmt"/>
        <line num="11" count="2" type="stmt"/>
        <line num="42" count="2" type="stmt"/>
        <line num="85" count="2" type="stmt"/>
      </file>
    </package>
    <package name="members-and-teams.src.components">
      <metrics statements="49" coveredstatements="47" conditionals="24" coveredconditionals="16" methods="10" coveredmethods="8"/>
      <file name="AddMemberButton.js" path="/Users/theodericonipe/Documents/react-native-tests/members-and-teams/src/components/AddMemberButton.js">
        <metrics statements="6" coveredstatements="6" conditionals="1" coveredconditionals="1" methods="2" coveredmethods="2"/>
        <line num="7" count="5" type="cond" truecount="1" falsecount="0"/>
        <line num="8" count="1" type="stmt"/>
        <line num="15" count="5" type="stmt"/>
        <line num="20" count="5" type="stmt"/>
        <line num="27" count="1" type="stmt"/>
        <line num="30" count="5" type="stmt"/>
      </file>
      <file name="Header.js" path="/Users/theodericonipe/Documents/react-native-tests/members-and-teams/src/components/Header.js">
        <metrics statements="11" coveredstatements="11" conditionals="2" coveredconditionals="2" methods="2" coveredmethods="2"/>
        <line num="8" count="5" type="stmt"/>
        <line num="15" count="10" type="stmt"/>
        <line num="27" count="1" type="stmt"/>
        <line num="36" count="5" type="stmt"/>
        <line num="44" count="5" type="stmt"/>
        <line num="48" count="5" type="stmt"/>
        <line num="57" count="5" type="stmt"/>
        <line num="63" count="5" type="stmt"/>
        <line num="67" count="5" type="stmt"/>
        <line num="71" count="5" type="stmt"/>
        <line num="72" count="5" type="stmt"/>
      </file>
      <file name="ImageLoad.js" path="/Users/theodericonipe/Documents/react-native-tests/members-and-teams/src/components/ImageLoad.js">
        <metrics statements="9" coveredstatements="7" conditionals="19" coveredconditionals="11" methods="4" coveredmethods="2"/>
        <line num="6" count="5" type="stmt"/>
        <line num="10" count="5" type="stmt"/>
        <line num="15" count="5" type="stmt"/>
        <line num="16" count="5" type="stmt"/>
        <line num="23" count="0" type="stmt"/>
        <line num="29" count="0" type="stmt"/>
        <line num="47" count="9" type="stmt"/>
        <line num="48" count="9" type="stmt"/>
        <line num="100" count="5" type="stmt"/>
      </file>
      <file name="MemberCard.js" path="/Users/theodericonipe/Documents/react-native-tests/members-and-teams/src/components/MemberCard.js">
        <metrics statements="12" coveredstatements="12" conditionals="2" coveredconditionals="2" methods="2" coveredmethods="2"/>
        <line num="9" count="5" type="stmt"/>
        <line num="10" count="12" type="stmt"/>
        <line num="12" count="12" type="stmt"/>
        <line num="13" count="1" type="stmt"/>
        <line num="37" count="5" type="stmt"/>
        <line num="45" count="5" type="stmt"/>
        <line num="60" count="5" type="stmt"/>
        <line num="67" count="5" type="stmt"/>
        <line num="76" count="5" type="stmt"/>
        <line num="81" count="5" type="stmt"/>
        <line num="87" count="5" type="stmt"/>
        <line num="93" count="5" type="stmt"/>
      </file>
      <file name="colors.js" path="/Users/theodericonipe/Documents/react-native-tests/members-and-teams/src/components/colors.js">
        <metrics statements="7" coveredstatements="7" conditionals="0" coveredconditionals="0" methods="0" coveredmethods="0"/>
        <line num="1" count="5" type="stmt"/>
        <line num="2" count="5" type="stmt"/>
        <line num="3" count="5" type="stmt"/>
        <line num="4" count="5" type="stmt"/>
        <line num="5" count="5" type="stmt"/>
        <line num="6" count="5" type="stmt"/>
        <line num="7" count="5" type="stmt"/>
      </file>
      <file name="grid.js" path="/Users/theodericonipe/Documents/react-native-tests/members-and-teams/src/components/grid.js">
        <metrics statements="4" coveredstatements="4" conditionals="0" coveredconditionals="0" methods="0" coveredmethods="0"/>
        <line num="1" count="5" type="stmt"/>
        <line num="2" count="5" type="stmt"/>
        <line num="3" count="5" type="stmt"/>
        <line num="4" count="5" type="stmt"/>
      </file>
      <file name="index.js" path="/Users/theodericonipe/Documents/react-native-tests/members-and-teams/src/components/index.js">
        <metrics statements="0" coveredstatements="0" conditionals="0" coveredconditionals="0" methods="0" coveredmethods="0"/>
      </file>
    </package>
    <package name="members-and-teams.src.screens">
      <metrics statements="0" coveredstatements="0" conditionals="0" coveredconditionals="0" methods="0" coveredmethods="0"/>
      <file name="index.js" path="/Users/theodericonipe/Documents/react-native-tests/members-and-teams/src/screens/index.js">
        <metrics statements="0" coveredstatements="0" conditionals="0" coveredconditionals="0" methods="0" coveredmethods="0"/>
      </file>
    </package>
    <package name="members-and-teams.src.screens.AllMembers">
      <metrics statements="44" coveredstatements="26" conditionals="24" coveredconditionals="8" methods="12" coveredmethods="6"/>
      <file name="AllMembers.js" path="/Users/theodericonipe/Documents/react-native-tests/members-and-teams/src/screens/AllMembers/AllMembers.js">
        <metrics statements="44" coveredstatements="26" conditionals="24" coveredconditionals="8" methods="12" coveredmethods="6"/>
        <line num="9" count="2" type="stmt"/>
        <line num="10" count="2" type="stmt"/>
        <line num="11" count="2" type="stmt"/>
        <line num="13" count="2" type="stmt"/>
        <line num="16" count="2" type="stmt"/>
        <line num="17" count="6" type="stmt"/>
        <line num="18" count="6" type="stmt"/>
        <line num="20" count="6" type="stmt"/>
        <line num="22" count="6" type="stmt"/>
        <line num="23" count="1" type="stmt"/>
        <line num="26" count="6" type="stmt"/>
        <line num="31" count="1" type="cond" truecount="1" falsecount="1"/>
        <line num="32" count="1" type="stmt"/>
        <line num="33" count="1" type="stmt"/>
        <line num="35" count="0" type="stmt"/>
        <line num="36" count="0" type="stmt"/>
        <line num="41" count="6" type="stmt"/>
        <line num="43" count="6" type="stmt"/>
        <line num="44" count="6" type="cond" truecount="1" falsecount="1"/>
        <line num="45" count="0" type="stmt"/>
        <line num="46" count="6" type="cond" truecount="1" falsecount="1"/>
        <line num="48" count="0" type="stmt"/>
        <line num="49" count="6" type="stmt"/>
        <line num="52" count="6" type="stmt"/>
        <line num="53" count="6" type="stmt"/>
        <line num="59" count="0" type="stmt"/>
        <line num="63" count="6" type="stmt"/>
        <line num="64" count="0" type="stmt"/>
        <line num="68" count="6" type="cond" truecount="1" falsecount="1"/>
        <line num="72" count="0" type="cond" truecount="0" falsecount="2"/>
        <line num="74" count="0" type="cond" truecount="0" falsecount="2"/>
        <line num="76" count="0" type="stmt"/>
        <line num="77" count="0" type="cond" truecount="0" falsecount="2"/>
        <line num="79" count="0" type="stmt"/>
        <line num="80" count="0" type="cond" truecount="0" falsecount="2"/>
        <line num="82" count="0" type="stmt"/>
        <line num="83" count="0" type="cond" truecount="0" falsecount="2"/>
        <line num="85" count="0" type="stmt"/>
        <line num="87" count="0" type="stmt"/>
        <line num="90" count="0" type="stmt"/>
        <line num="93" count="6" type="stmt"/>
        <line num="96" count="0" type="stmt"/>
        <line num="114" count="2" type="stmt"/>
        <line num="116" count="2" type="stmt"/>
      </file>
      <file name="index.js" path="/Users/theodericonipe/Documents/react-native-tests/members-and-teams/src/screens/AllMembers/index.js">
        <metrics statements="0" coveredstatements="0" conditionals="0" coveredconditionals="0" methods="0" coveredmethods="0"/>
      </file>
    </package>
    <package name="members-and-teams.src.screens.Team">
      <metrics statements="23" coveredstatements="19" conditionals="4" coveredconditionals="2" methods="8" coveredmethods="5"/>
      <file name="Team.js" path="/Users/theodericonipe/Documents/react-native-tests/members-and-teams/src/screens/Team/Team.js">
        <metrics statements="23" coveredstatements="19" conditionals="4" coveredconditionals="2" methods="8" coveredmethods="5"/>
        <line num="15" count="2" type="stmt"/>
        <line num="16" count="1" type="stmt"/>
        <line num="17" count="1" type="stmt"/>
        <line num="19" count="1" type="stmt"/>
        <line num="20" count="1" type="stmt"/>
        <line num="21" count="1" type="cond" truecount="1" falsecount="1"/>
        <line num="22" count="1" type="stmt"/>
        <line num="23" count="2" type="stmt"/>
        <line num="25" count="1" type="stmt"/>
        <line num="26" count="1" type="stmt"/>
        <line num="27" count="1" type="stmt"/>
        <line num="28" count="1" type="stmt"/>
        <line num="30" count="0" type="stmt"/>
        <line num="34" count="1" type="stmt"/>
        <line num="39" count="0" type="stmt"/>
        <line num="48" count="0" type="stmt"/>
        <line num="54" count="2" type="stmt"/>
        <line num="59" count="0" type="stmt"/>
        <line num="81" count="2" type="stmt"/>
        <line num="82" count="2" type="stmt"/>
        <line num="85" count="2" type="stmt"/>
        <line num="93" count="2" type="stmt"/>
        <line num="95" count="2" type="stmt"/>
      </file>
      <file name="index.js" path="/Users/theodericonipe/Documents/react-native-tests/members-and-teams/src/screens/Team/index.js">
        <metrics statements="0" coveredstatements="0" conditionals="0" coveredconditionals="0" methods="0" coveredmethods="0"/>
      </file>
    </package>
    <package name="members-and-teams.src.utils">
      <metrics statements="7" coveredstatements="7" conditionals="7" coveredconditionals="6" methods="2" coveredmethods="2"/>
      <file name="descriptive.js" path="/Users/theodericonipe/Documents/react-native-tests/members-and-teams/src/utils/descriptive.js">
        <metrics statements="5" coveredstatements="5" conditionals="6" coveredconditionals="5" methods="1" coveredmethods="1"/>
        <line num="1" count="7" type="stmt"/>
        <line num="2" count="3" type="stmt"/>
        <line num="3" count="3" type="stmt"/>
        <line num="5" count="3" type="cond" truecount="1" falsecount="1"/>
        <line num="11" count="3" type="stmt"/>
      </file>
      <file name="firstLetter.js" path="/Users/theodericonipe/Documents/react-native-tests/members-and-teams/src/utils/firstLetter.js">
        <metrics statements="2" coveredstatements="2" conditionals="1" coveredconditionals="1" methods="1" coveredmethods="1"/>
        <line num="1" count="7" type="cond" truecount="1" falsecount="0"/>
        <line num="2" count="26" type="stmt"/>
      </file>
      <file name="index.js" path="/Users/theodericonipe/Documents/react-native-tests/members-and-teams/src/utils/index.js">
        <metrics statements="0" coveredstatements="0" conditionals="0" coveredconditionals="0" methods="0" coveredmethods="0"/>
      </file>
    </package>
  </project>
</coverage>
