{"/Users/theodericonipe/Documents/react-native-tests/members-and-teams/store.js": {"path":"/Users/theodericonipe/Documents/react-native-tests/members-and-teams/store.js","statementMap":{"0":{"start":{"line":3,"column":21},"end":{"line":5,"column":1}},"1":{"start":{"line":7,"column":30},"end":{"line":7,"column":57}},"2":{"start":{"line":9,"column":38},"end":{"line":24,"column":1}},"3":{"start":{"line":10,"column":28},"end":{"line":18,"column":18}},"4":{"start":{"line":11,"column":4},"end":{"line":17,"column":5}},"5":{"start":{"line":13,"column":8},"end":{"line":13,"column":53}},"6":{"start":{"line":16,"column":8},"end":{"line":16,"column":26}},"7":{"start":{"line":19,"column":2},"end":{"line":23,"column":4}}},"fnMap":{"0":{"name":"(anonymous_0)","decl":{"start":{"line":9,"column":38},"end":{"line":9,"column":39}},"loc":{"start":{"line":9,"column":47},"end":{"line":24,"column":1}},"line":9},"1":{"name":"(anonymous_1)","decl":{"start":{"line":10,"column":39},"end":{"line":10,"column":40}},"loc":{"start":{"line":10,"column":58},"end":{"line":18,"column":3}},"line":10}},"branchMap":{"0":{"loc":{"start":{"line":11,"column":4},"end":{"line":17,"column":5}},"type":"switch","locations":[{"start":{"line":12,"column":6},"end":{"line":13,"column":53}},{"start":{"line":15,"column":6},"end":{"line":16,"column":26}}],"line":11}},"s":{"0":2,"1":2,"2":2,"3":0,"4":0,"5":0,"6":0,"7":0},"f":{"0":0,"1":0},"b":{"0":[0,0]},"_coverageSchema":"1a1c01bbd47fc00a2c39e90264f33305004495a9","hash":"ca51dcb3534463e4bab7b3ff8798cb617563e1de"}
,"/Users/theodericonipe/Documents/react-native-tests/members-and-teams/assets/images/back.png": {"path":"/Users/theodericonipe/Documents/react-native-tests/members-and-teams/assets/images/back.png","statementMap":{"0":{"start":{"line":1,"column":0},"end":{"line":1,"column":19}}},"fnMap":{},"branchMap":{},"s":{"0":5},"f":{},"b":{},"_coverageSchema":"1a1c01bbd47fc00a2c39e90264f33305004495a9","hash":"17af4912b5cc6d2c63b5b755781d47fc160cde14"}
,"/Users/theodericonipe/Documents/react-native-tests/members-and-teams/assets/images/user.png": {"path":"/Users/theodericonipe/Documents/react-native-tests/members-and-teams/assets/images/user.png","statementMap":{"0":{"start":{"line":1,"column":0},"end":{"line":1,"column":19}}},"fnMap":{},"branchMap":{},"s":{"0":2},"f":{},"b":{},"_coverageSchema":"1a1c01bbd47fc00a2c39e90264f33305004495a9","hash":"c6f15e7929311f3ab651ddbb593862423397e698"}
,"/Users/theodericonipe/Documents/react-native-tests/members-and-teams/src/__tests__/components/mock/members.js": {"path":"/Users/theodericonipe/Documents/react-native-tests/members-and-teams/src/__tests__/components/mock/members.js","statementMap":{"0":{"start":{"line":2,"column":30},"end":{"line":4,"column":1}},"1":{"start":{"line":6,"column":25},"end":{"line":10,"column":1}},"2":{"start":{"line":11,"column":27},"end":{"line":40,"column":1}},"3":{"start":{"line":42,"column":21},"end":{"line":83,"column":1}},"4":{"start":{"line":85,"column":26},"end":{"line":96,"column":1}}},"fnMap":{},"branchMap":{},"s":{"0":2,"1":2,"2":2,"3":2,"4":2},"f":{},"b":{},"_coverageSchema":"1a1c01bbd47fc00a2c39e90264f33305004495a9","hash":"883345ded588339729e589591d97b6016d275552"}
,"/Users/theodericonipe/Documents/react-native-tests/members-and-teams/src/components/AddMemberButton.js": {"path":"/Users/theodericonipe/Documents/react-native-tests/members-and-teams/src/components/AddMemberButton.js","statementMap":{"0":{"start":{"line":7,"column":24},"end":{"line":13,"column":1}},"1":{"start":{"line":8,"column":2},"end":{"line":12,"column":4}},"2":{"start":{"line":15,"column":0},"end":{"line":18,"column":2}},"3":{"start":{"line":20,"column":18},"end":{"line":28,"column":1}},"4":{"start":{"line":27,"column":30},"end":{"line":27,"column":50}},"5":{"start":{"line":30,"column":16},"end":{"line":33,"column":1}}},"fnMap":{"0":{"name":"(anonymous_0)","decl":{"start":{"line":7,"column":24},"end":{"line":7,"column":25}},"loc":{"start":{"line":7,"column":59},"end":{"line":13,"column":1}},"line":7},"1":{"name":"(anonymous_1)","decl":{"start":{"line":27,"column":21},"end":{"line":27,"column":22}},"loc":{"start":{"line":27,"column":30},"end":{"line":27,"column":50}},"line":27}},"branchMap":{"0":{"loc":{"start":{"line":7,"column":27},"end":{"line":7,"column":45}},"type":"default-arg","locations":[{"start":{"line":7,"column":44},"end":{"line":7,"column":45}}],"line":7}},"s":{"0":5,"1":1,"2":5,"3":5,"4":1,"5":5},"f":{"0":1,"1":1},"b":{"0":[1]},"_coverageSchema":"1a1c01bbd47fc00a2c39e90264f33305004495a9","hash":"af4fb9cc9aa1cf2ef7c8222dda76f76d6fc8127a"}
,"/Users/theodericonipe/Documents/react-native-tests/members-and-teams/src/components/Header.js": {"path":"/Users/theodericonipe/Documents/react-native-tests/members-and-teams/src/components/Header.js","statementMap":{"0":{"start":{"line":8,"column":15},"end":{"line":34,"column":1}},"1":{"start":{"line":15,"column":2},"end":{"line":33,"column":4}},"2":{"start":{"line":27,"column":40},"end":{"line":27,"column":56}},"3":{"start":{"line":36,"column":0},"end":{"line":42,"column":2}},"4":{"start":{"line":44,"column":18},"end":{"line":47,"column":1}},"5":{"start":{"line":48,"column":19},"end":{"line":55,"column":1}},"6":{"start":{"line":57,"column":19},"end":{"line":62,"column":1}},"7":{"start":{"line":63,"column":22},"end":{"line":66,"column":1}},"8":{"start":{"line":67,"column":16},"end":{"line":70,"column":1}},"9":{"start":{"line":71,"column":24},"end":{"line":71,"column":49}},"10":{"start":{"line":72,"column":18},"end":{"line":72,"column":32}}},"fnMap":{"0":{"name":"(anonymous_0)","decl":{"start":{"line":8,"column":15},"end":{"line":8,"column":16}},"loc":{"start":{"line":14,"column":6},"end":{"line":34,"column":1}},"line":14},"1":{"name":"(anonymous_1)","decl":{"start":{"line":27,"column":34},"end":{"line":27,"column":35}},"loc":{"start":{"line":27,"column":40},"end":{"line":27,"column":56}},"line":27}},"branchMap":{"0":{"loc":{"start":{"line":19,"column":9},"end":{"line":25,"column":9}},"type":"cond-expr","locations":[{"start":{"line":20,"column":10},"end":{"line":22,"column":26}},{"start":{"line":24,"column":10},"end":{"line":24,"column":45}}],"line":19}},"s":{"0":5,"1":10,"2":1,"3":5,"4":5,"5":5,"6":5,"7":5,"8":5,"9":5,"10":5},"f":{"0":10,"1":1},"b":{"0":[2,8]},"_coverageSchema":"1a1c01bbd47fc00a2c39e90264f33305004495a9","hash":"13391259a4c67342a74436a1c1c3a925131c9a20"}
,"/Users/theodericonipe/Documents/react-native-tests/members-and-teams/src/components/ImageLoad.js": {"path":"/Users/theodericonipe/Documents/react-native-tests/members-and-teams/src/components/ImageLoad.js","statementMap":{"0":{"start":{"line":6,"column":21},"end":{"line":8,"column":3}},"1":{"start":{"line":10,"column":24},"end":{"line":12,"column":3}},"2":{"start":{"line":15,"column":4},"end":{"line":15,"column":17}},"3":{"start":{"line":16,"column":4},"end":{"line":19,"column":6}},"4":{"start":{"line":23,"column":4},"end":{"line":25,"column":7}},"5":{"start":{"line":29,"column":4},"end":{"line":31,"column":7}},"6":{"start":{"line":47,"column":8},"end":{"line":47,"column":18}},"7":{"start":{"line":48,"column":4},"end":{"line":96,"column":6}},"8":{"start":{"line":100,"column":15},"end":{"line":130,"column":1}}},"fnMap":{"0":{"name":"(anonymous_0)","decl":{"start":{"line":14,"column":2},"end":{"line":14,"column":3}},"loc":{"start":{"line":14,"column":21},"end":{"line":20,"column":3}},"line":14},"1":{"name":"(anonymous_1)","decl":{"start":{"line":22,"column":2},"end":{"line":22,"column":3}},"loc":{"start":{"line":22,"column":14},"end":{"line":26,"column":3}},"line":22},"2":{"name":"(anonymous_2)","decl":{"start":{"line":28,"column":2},"end":{"line":28,"column":3}},"loc":{"start":{"line":28,"column":12},"end":{"line":32,"column":3}},"line":28},"3":{"name":"(anonymous_3)","decl":{"start":{"line":34,"column":2},"end":{"line":34,"column":3}},"loc":{"start":{"line":34,"column":11},"end":{"line":97,"column":3}},"line":34}},"branchMap":{"0":{"loc":{"start":{"line":58,"column":9},"end":{"line":91,"column":9}},"type":"cond-expr","locations":[{"start":{"line":59,"column":10},"end":{"line":59,"column":18}},{"start":{"line":61,"column":10},"end":{"line":90,"column":17}}],"line":58},"1":{"loc":{"start":{"line":58,"column":9},"end":{"line":58,"column":51}},"type":"binary-expr","locations":[{"start":{"line":58,"column":9},"end":{"line":58,"column":28}},{"start":{"line":58,"column":32},"end":{"line":58,"column":51}}],"line":58},"2":{"loc":{"start":{"line":65,"column":14},"end":{"line":65,"column":73}},"type":"cond-expr","locations":[{"start":{"line":65,"column":32},"end":{"line":65,"column":68}},{"start":{"line":65,"column":71},"end":{"line":65,"column":73}}],"line":65},"3":{"loc":{"start":{"line":68,"column":13},"end":{"line":74,"column":13}},"type":"binary-expr","locations":[{"start":{"line":68,"column":13},"end":{"line":68,"column":38}},{"start":{"line":68,"column":42},"end":{"line":68,"column":61}},{"start":{"line":69,"column":14},"end":{"line":73,"column":16}}],"line":68},"4":{"loc":{"start":{"line":71,"column":22},"end":{"line":71,"column":64}},"type":"cond-expr","locations":[{"start":{"line":71,"column":37},"end":{"line":71,"column":54}},{"start":{"line":71,"column":57},"end":{"line":71,"column":64}}],"line":71},"5":{"loc":{"start":{"line":72,"column":23},"end":{"line":72,"column":65}},"type":"cond-expr","locations":[{"start":{"line":72,"column":38},"end":{"line":72,"column":56}},{"start":{"line":72,"column":59},"end":{"line":72,"column":65}}],"line":72},"6":{"loc":{"start":{"line":77,"column":16},"end":{"line":82,"column":21}},"type":"cond-expr","locations":[{"start":{"line":78,"column":20},"end":{"line":78,"column":36}},{"start":{"line":79,"column":20},"end":{"line":82,"column":21}}],"line":77},"7":{"loc":{"start":{"line":85,"column":16},"end":{"line":87,"column":59}},"type":"cond-expr","locations":[{"start":{"line":86,"column":20},"end":{"line":86,"column":37}},{"start":{"line":87,"column":20},"end":{"line":87,"column":59}}],"line":85},"8":{"loc":{"start":{"line":92,"column":9},"end":{"line":94,"column":9}},"type":"binary-expr","locations":[{"start":{"line":92,"column":9},"end":{"line":92,"column":28}},{"start":{"line":93,"column":10},"end":{"line":93,"column":78}}],"line":92}},"s":{"0":5,"1":5,"2":5,"3":5,"4":0,"5":0,"6":9,"7":9,"8":5},"f":{"0":5,"1":0,"2":0,"3":9},"b":{"0":[0,9],"1":[9,0],"2":[0,9],"3":[9,9,9],"4":[9,0],"5":[9,0],"6":[0,9],"7":[0,9],"8":[9,0]},"_coverageSchema":"1a1c01bbd47fc00a2c39e90264f33305004495a9","hash":"6cae9055bc6266bceabeb36069d6d34b6a44dcea"}
,"/Users/theodericonipe/Documents/react-native-tests/members-and-teams/src/components/MemberCard.js": {"path":"/Users/theodericonipe/Documents/react-native-tests/members-and-teams/src/components/MemberCard.js","statementMap":{"0":{"start":{"line":9,"column":19},"end":{"line":35,"column":1}},"1":{"start":{"line":10,"column":19},"end":{"line":10,"column":65}},"2":{"start":{"line":12,"column":2},"end":{"line":34,"column":4}},"3":{"start":{"line":13,"column":30},"end":{"line":13,"column":39}},"4":{"start":{"line":37,"column":0},"end":{"line":43,"column":2}},"5":{"start":{"line":45,"column":15},"end":{"line":58,"column":2}},"6":{"start":{"line":60,"column":18},"end":{"line":65,"column":1}},"7":{"start":{"line":67,"column":19},"end":{"line":74,"column":1}},"8":{"start":{"line":76,"column":21},"end":{"line":79,"column":1}},"9":{"start":{"line":81,"column":17},"end":{"line":85,"column":1}},"10":{"start":{"line":87,"column":23},"end":{"line":91,"column":1}},"11":{"start":{"line":93,"column":25},"end":{"line":96,"column":1}}},"fnMap":{"0":{"name":"(anonymous_0)","decl":{"start":{"line":9,"column":19},"end":{"line":9,"column":20}},"loc":{"start":{"line":9,"column":72},"end":{"line":35,"column":1}},"line":9},"1":{"name":"(anonymous_1)","decl":{"start":{"line":13,"column":24},"end":{"line":13,"column":25}},"loc":{"start":{"line":13,"column":30},"end":{"line":13,"column":39}},"line":13}},"branchMap":{"0":{"loc":{"start":{"line":15,"column":9},"end":{"line":24,"column":9}},"type":"cond-expr","locations":[{"start":{"line":16,"column":10},"end":{"line":21,"column":12}},{"start":{"line":23,"column":10},"end":{"line":23,"column":49}}],"line":15}},"s":{"0":5,"1":12,"2":12,"3":1,"4":5,"5":5,"6":5,"7":5,"8":5,"9":5,"10":5,"11":5},"f":{"0":12,"1":1},"b":{"0":[9,3]},"_coverageSchema":"1a1c01bbd47fc00a2c39e90264f33305004495a9","hash":"ce00f64e8216d8aa180173450e24e3d469da3e37"}
,"/Users/theodericonipe/Documents/react-native-tests/members-and-teams/src/components/colors.js": {"path":"/Users/theodericonipe/Documents/react-native-tests/members-and-teams/src/components/colors.js","statementMap":{"0":{"start":{"line":1,"column":26},"end":{"line":1,"column":35}},"1":{"start":{"line":2,"column":27},"end":{"line":2,"column":36}},"2":{"start":{"line":3,"column":20},"end":{"line":3,"column":29}},"3":{"start":{"line":4,"column":24},"end":{"line":4,"column":33}},"4":{"start":{"line":5,"column":22},"end":{"line":5,"column":31}},"5":{"start":{"line":6,"column":21},"end":{"line":6,"column":30}},"6":{"start":{"line":7,"column":22},"end":{"line":7,"column":31}}},"fnMap":{},"branchMap":{},"s":{"0":5,"1":5,"2":5,"3":5,"4":5,"5":5,"6":5},"f":{},"b":{},"_coverageSchema":"1a1c01bbd47fc00a2c39e90264f33305004495a9","hash":"0ebc770936f02e767defd7e5129c08d9ff693972"}
,"/Users/theodericonipe/Documents/react-native-tests/members-and-teams/src/components/grid.js": {"path":"/Users/theodericonipe/Documents/react-native-tests/members-and-teams/src/components/grid.js","statementMap":{"0":{"start":{"line":1,"column":26},"end":{"line":1,"column":28}},"1":{"start":{"line":2,"column":28},"end":{"line":2,"column":30}},"2":{"start":{"line":3,"column":27},"end":{"line":3,"column":29}},"3":{"start":{"line":4,"column":32},"end":{"line":4,"column":33}}},"fnMap":{},"branchMap":{},"s":{"0":5,"1":5,"2":5,"3":5},"f":{},"b":{},"_coverageSchema":"1a1c01bbd47fc00a2c39e90264f33305004495a9","hash":"f51bface6394925fb0ef55c6f6661111d4c1114c"}
,"/Users/theodericonipe/Documents/react-native-tests/members-and-teams/src/components/index.js": {"path":"/Users/theodericonipe/Documents/react-native-tests/members-and-teams/src/components/index.js","statementMap":{},"fnMap":{},"branchMap":{},"s":{},"f":{},"b":{},"_coverageSchema":"1a1c01bbd47fc00a2c39e90264f33305004495a9","hash":"7a5028828c28f7c3448a3d027f3a65e95c2313c8"}
,"/Users/theodericonipe/Documents/react-native-tests/members-and-teams/src/screens/index.js": {"path":"/Users/theodericonipe/Documents/react-native-tests/members-and-teams/src/screens/index.js","statementMap":{},"fnMap":{},"branchMap":{},"s":{},"f":{},"b":{},"_coverageSchema":"1a1c01bbd47fc00a2c39e90264f33305004495a9","hash":"ad5bd626a6a5f7818b1f05f28f250e596d9d5810"}
,"/Users/theodericonipe/Documents/react-native-tests/members-and-teams/src/screens/AllMembers/AllMembers.js": {"path":"/Users/theodericonipe/Documents/react-native-tests/members-and-teams/src/screens/AllMembers/AllMembers.js","statementMap":{"0":{"start":{"line":9,"column":17},"end":{"line":9,"column":27}},"1":{"start":{"line":10,"column":21},"end":{"line":10,"column":35}},"2":{"start":{"line":11,"column":18},"end":{"line":11,"column":29}},"3":{"start":{"line":13,"column":16},"end":{"line":13,"column":51}},"4":{"start":{"line":16,"column":19},"end":{"line":112,"column":1}},"5":{"start":{"line":17,"column":38},"end":{"line":17,"column":59}},"6":{"start":{"line":18,"column":50},"end":{"line":18,"column":67}},"7":{"start":{"line":20,"column":30},"end":{"line":20,"column":62}},"8":{"start":{"line":22,"column":22},"end":{"line":24,"column":3}},"9":{"start":{"line":23,"column":4},"end":{"line":23,"column":43}},"10":{"start":{"line":26,"column":37},"end":{"line":39,"column":4}},"11":{"start":{"line":31,"column":6},"end":{"line":37,"column":7}},"12":{"start":{"line":32,"column":8},"end":{"line":32,"column":28}},"13":{"start":{"line":33,"column":8},"end":{"line":33,"column":18}},"14":{"start":{"line":35,"column":8},"end":{"line":35,"column":68}},"15":{"start":{"line":36,"column":8},"end":{"line":36,"column":29}},"16":{"start":{"line":41,"column":21},"end":{"line":41,"column":36}},"17":{"start":{"line":41,"column":29},"end":{"line":41,"column":36}},"18":{"start":{"line":43,"column":17},"end":{"line":50,"column":3}},"19":{"start":{"line":44,"column":4},"end":{"line":49,"column":23}},"20":{"start":{"line":45,"column":6},"end":{"line":45,"column":46}},"21":{"start":{"line":45,"column":33},"end":{"line":45,"column":44}},"22":{"start":{"line":46,"column":11},"end":{"line":49,"column":23}},"23":{"start":{"line":48,"column":6},"end":{"line":48,"column":33}},"24":{"start":{"line":49,"column":11},"end":{"line":49,"column":23}},"25":{"start":{"line":52,"column":21},"end":{"line":61,"column":3}},"26":{"start":{"line":53,"column":4},"end":{"line":60,"column":6}},"27":{"start":{"line":59,"column":21},"end":{"line":59,"column":65}},"28":{"start":{"line":63,"column":21},"end":{"line":67,"column":3}},"29":{"start":{"line":64,"column":4},"end":{"line":66,"column":6}},"30":{"start":{"line":68,"column":22},"end":{"line":68,"column":41}},"31":{"start":{"line":72,"column":4},"end":{"line":72,"column":59}},"32":{"start":{"line":72,"column":42},"end":{"line":72,"column":59}},"33":{"start":{"line":74,"column":23},"end":{"line":74,"column":41}},"34":{"start":{"line":76,"column":19},"end":{"line":88,"column":5}},"35":{"start":{"line":77,"column":6},"end":{"line":87,"column":64}},"36":{"start":{"line":79,"column":8},"end":{"line":79,"column":17}},"37":{"start":{"line":80,"column":11},"end":{"line":87,"column":64}},"38":{"start":{"line":82,"column":8},"end":{"line":82,"column":17}},"39":{"start":{"line":83,"column":11},"end":{"line":87,"column":64}},"40":{"start":{"line":85,"column":8},"end":{"line":85,"column":18}},"41":{"start":{"line":87,"column":11},"end":{"line":87,"column":64}},"42":{"start":{"line":90,"column":4},"end":{"line":90,"column":28}},"43":{"start":{"line":93,"column":2},"end":{"line":111,"column":4}},"44":{"start":{"line":96,"column":30},"end":{"line":96,"column":42}},"45":{"start":{"line":114,"column":18},"end":{"line":114,"column":31}},"46":{"start":{"line":116,"column":33},"end":{"line":135,"column":1}}},"fnMap":{"0":{"name":"(anonymous_0)","decl":{"start":{"line":16,"column":19},"end":{"line":16,"column":20}},"loc":{"start":{"line":16,"column":39},"end":{"line":112,"column":1}},"line":16},"1":{"name":"(anonymous_1)","decl":{"start":{"line":22,"column":22},"end":{"line":22,"column":23}},"loc":{"start":{"line":22,"column":31},"end":{"line":24,"column":3}},"line":22},"2":{"name":"(anonymous_2)","decl":{"start":{"line":30,"column":17},"end":{"line":30,"column":18}},"loc":{"start":{"line":30,"column":23},"end":{"line":38,"column":5}},"line":30},"3":{"name":"(anonymous_3)","decl":{"start":{"line":41,"column":21},"end":{"line":41,"column":22}},"loc":{"start":{"line":41,"column":29},"end":{"line":41,"column":36}},"line":41},"4":{"name":"(anonymous_4)","decl":{"start":{"line":43,"column":17},"end":{"line":43,"column":18}},"loc":{"start":{"line":43,"column":37},"end":{"line":50,"column":3}},"line":43},"5":{"name":"(anonymous_5)","decl":{"start":{"line":45,"column":28},"end":{"line":45,"column":29}},"loc":{"start":{"line":45,"column":33},"end":{"line":45,"column":44}},"line":45},"6":{"name":"(anonymous_6)","decl":{"start":{"line":52,"column":21},"end":{"line":52,"column":22}},"loc":{"start":{"line":53,"column":4},"end":{"line":60,"column":6}},"line":53},"7":{"name":"(anonymous_7)","decl":{"start":{"line":59,"column":15},"end":{"line":59,"column":16}},"loc":{"start":{"line":59,"column":21},"end":{"line":59,"column":65}},"line":59},"8":{"name":"(anonymous_8)","decl":{"start":{"line":63,"column":21},"end":{"line":63,"column":22}},"loc":{"start":{"line":63,"column":27},"end":{"line":67,"column":3}},"line":63},"9":{"name":"sortRelevance","decl":{"start":{"line":70,"column":11},"end":{"line":70,"column":24}},"loc":{"start":{"line":70,"column":41},"end":{"line":91,"column":3}},"line":70},"10":{"name":"(anonymous_10)","decl":{"start":{"line":76,"column":19},"end":{"line":76,"column":20}},"loc":{"start":{"line":76,"column":35},"end":{"line":88,"column":5}},"line":76},"11":{"name":"(anonymous_11)","decl":{"start":{"line":96,"column":24},"end":{"line":96,"column":25}},"loc":{"start":{"line":96,"column":30},"end":{"line":96,"column":42}},"line":96}},"branchMap":{"0":{"loc":{"start":{"line":31,"column":6},"end":{"line":37,"column":7}},"type":"if","locations":[{"start":{"line":31,"column":6},"end":{"line":37,"column":7}},{"start":{"line":34,"column":13},"end":{"line":37,"column":7}}],"line":31},"1":{"loc":{"start":{"line":44,"column":4},"end":{"line":49,"column":23}},"type":"if","locations":[{"start":{"line":44,"column":4},"end":{"line":49,"column":23}},{"start":{"line":46,"column":11},"end":{"line":49,"column":23}}],"line":44},"2":{"loc":{"start":{"line":46,"column":11},"end":{"line":49,"column":23}},"type":"if","locations":[{"start":{"line":46,"column":11},"end":{"line":49,"column":23}},{"start":{"line":49,"column":11},"end":{"line":49,"column":23}}],"line":46},"3":{"loc":{"start":{"line":65,"column":6},"end":{"line":65,"column":72}},"type":"cond-expr","locations":[{"start":{"line":65,"column":48},"end":{"line":65,"column":49}},{"start":{"line":65,"column":52},"end":{"line":65,"column":72}}],"line":65},"4":{"loc":{"start":{"line":68,"column":22},"end":{"line":68,"column":41}},"type":"binary-expr","locations":[{"start":{"line":68,"column":22},"end":{"line":68,"column":35}},{"start":{"line":68,"column":39},"end":{"line":68,"column":41}}],"line":68},"5":{"loc":{"start":{"line":72,"column":4},"end":{"line":72,"column":59}},"type":"if","locations":[{"start":{"line":72,"column":4},"end":{"line":72,"column":59}},{"start":{},"end":{}}],"line":72},"6":{"loc":{"start":{"line":74,"column":23},"end":{"line":74,"column":41}},"type":"cond-expr","locations":[{"start":{"line":74,"column":35},"end":{"line":74,"column":36}},{"start":{"line":74,"column":39},"end":{"line":74,"column":41}}],"line":74},"7":{"loc":{"start":{"line":77,"column":6},"end":{"line":87,"column":64}},"type":"if","locations":[{"start":{"line":77,"column":6},"end":{"line":87,"column":64}},{"start":{"line":80,"column":11},"end":{"line":87,"column":64}}],"line":77},"8":{"loc":{"start":{"line":80,"column":11},"end":{"line":87,"column":64}},"type":"if","locations":[{"start":{"line":80,"column":11},"end":{"line":87,"column":64}},{"start":{"line":83,"column":11},"end":{"line":87,"column":64}}],"line":80},"9":{"loc":{"start":{"line":83,"column":11},"end":{"line":87,"column":64}},"type":"if","locations":[{"start":{"line":83,"column":11},"end":{"line":87,"column":64}},{"start":{"line":87,"column":11},"end":{"line":87,"column":64}}],"line":83},"10":{"loc":{"start":{"line":100,"column":7},"end":{"line":100,"column":76}},"type":"binary-expr","locations":[{"start":{"line":100,"column":7},"end":{"line":100,"column":14}},{"start":{"line":100,"column":18},"end":{"line":100,"column":76}}],"line":100},"11":{"loc":{"start":{"line":101,"column":7},"end":{"line":101,"column":79}},"type":"binary-expr","locations":[{"start":{"line":101,"column":7},"end":{"line":101,"column":17}},{"start":{"line":101,"column":21},"end":{"line":101,"column":79}}],"line":101}},"s":{"0":2,"1":2,"2":2,"3":2,"4":2,"5":6,"6":6,"7":6,"8":6,"9":1,"10":6,"11":1,"12":1,"13":1,"14":0,"15":0,"16":6,"17":6,"18":6,"19":6,"20":0,"21":0,"22":6,"23":0,"24":6,"25":6,"26":6,"27":0,"28":6,"29":0,"30":6,"31":0,"32":0,"33":0,"34":0,"35":0,"36":0,"37":0,"38":0,"39":0,"40":0,"41":0,"42":0,"43":6,"44":0,"45":2,"46":2},"f":{"0":6,"1":1,"2":1,"3":6,"4":6,"5":0,"6":6,"7":0,"8":0,"9":0,"10":0,"11":0},"b":{"0":[1,0],"1":[0,6],"2":[0,6],"3":[0,0],"4":[6,0],"5":[0,0],"6":[0,0],"7":[0,0],"8":[0,0],"9":[0,0],"10":[6,3],"11":[6,3]},"_coverageSchema":"1a1c01bbd47fc00a2c39e90264f33305004495a9","hash":"6d736210cc616add4b59521f6c4f7c91f264311c"}
,"/Users/theodericonipe/Documents/react-native-tests/members-and-teams/src/screens/AllMembers/index.js": {"path":"/Users/theodericonipe/Documents/react-native-tests/members-and-teams/src/screens/AllMembers/index.js","statementMap":{},"fnMap":{},"branchMap":{},"s":{},"f":{},"b":{},"_coverageSchema":"1a1c01bbd47fc00a2c39e90264f33305004495a9","hash":"009d261b2f57d0d5c1321ea094708aadc26a9a6b"}
,"/Users/theodericonipe/Documents/react-native-tests/members-and-teams/src/screens/Team/Team.js": {"path":"/Users/theodericonipe/Documents/react-native-tests/members-and-teams/src/screens/Team/Team.js","statementMap":{"0":{"start":{"line":15,"column":13},"end":{"line":79,"column":1}},"1":{"start":{"line":16,"column":17},"end":{"line":16,"column":29}},"2":{"start":{"line":17,"column":20},"end":{"line":17,"column":52}},"3":{"start":{"line":19,"column":26},"end":{"line":19,"column":72}},"4":{"start":{"line":19,"column":55},"end":{"line":19,"column":68}},"5":{"start":{"line":20,"column":27},"end":{"line":32,"column":3}},"6":{"start":{"line":21,"column":4},"end":{"line":31,"column":5}},"7":{"start":{"line":22,"column":28},"end":{"line":24,"column":8}},"8":{"start":{"line":23,"column":8},"end":{"line":23,"column":31}},"9":{"start":{"line":25,"column":23},"end":{"line":25,"column":46}},"10":{"start":{"line":26,"column":6},"end":{"line":26,"column":47}},"11":{"start":{"line":27,"column":27},"end":{"line":27,"column":56}},"12":{"start":{"line":28,"column":6},"end":{"line":28,"column":137}},"13":{"start":{"line":30,"column":6},"end":{"line":30,"column":70}},"14":{"start":{"line":34,"column":2},"end":{"line":78,"column":4}},"15":{"start":{"line":39,"column":27},"end":{"line":39,"column":46}},"16":{"start":{"line":48,"column":12},"end":{"line":48,"column":67}},"17":{"start":{"line":54,"column":10},"end":{"line":61,"column":12}},"18":{"start":{"line":59,"column":27},"end":{"line":59,"column":76}},"19":{"start":{"line":81,"column":18},"end":{"line":81,"column":31}},"20":{"start":{"line":82,"column":16},"end":{"line":84,"column":1}},"21":{"start":{"line":85,"column":15},"end":{"line":91,"column":1}},"22":{"start":{"line":93,"column":20},"end":{"line":93,"column":33}},"23":{"start":{"line":95,"column":24},"end":{"line":100,"column":1}}},"fnMap":{"0":{"name":"(anonymous_0)","decl":{"start":{"line":15,"column":13},"end":{"line":15,"column":14}},"loc":{"start":{"line":15,"column":40},"end":{"line":79,"column":1}},"line":15},"1":{"name":"(anonymous_1)","decl":{"start":{"line":19,"column":47},"end":{"line":19,"column":48}},"loc":{"start":{"line":19,"column":55},"end":{"line":19,"column":68}},"line":19},"2":{"name":"(anonymous_2)","decl":{"start":{"line":20,"column":27},"end":{"line":20,"column":28}},"loc":{"start":{"line":20,"column":58},"end":{"line":32,"column":3}},"line":20},"3":{"name":"(anonymous_3)","decl":{"start":{"line":22,"column":41},"end":{"line":22,"column":42}},"loc":{"start":{"line":22,"column":57},"end":{"line":24,"column":7}},"line":22},"4":{"name":"(anonymous_4)","decl":{"start":{"line":39,"column":21},"end":{"line":39,"column":22}},"loc":{"start":{"line":39,"column":27},"end":{"line":39,"column":46}},"line":39},"5":{"name":"(anonymous_5)","decl":{"start":{"line":47,"column":19},"end":{"line":47,"column":20}},"loc":{"start":{"line":48,"column":12},"end":{"line":48,"column":67}},"line":48},"6":{"name":"(anonymous_6)","decl":{"start":{"line":53,"column":40},"end":{"line":53,"column":41}},"loc":{"start":{"line":54,"column":10},"end":{"line":61,"column":12}},"line":54},"7":{"name":"(anonymous_7)","decl":{"start":{"line":59,"column":21},"end":{"line":59,"column":22}},"loc":{"start":{"line":59,"column":27},"end":{"line":59,"column":76}},"line":59}},"branchMap":{"0":{"loc":{"start":{"line":21,"column":4},"end":{"line":31,"column":5}},"type":"if","locations":[{"start":{"line":21,"column":4},"end":{"line":31,"column":5}},{"start":{"line":29,"column":11},"end":{"line":31,"column":5}}],"line":21},"1":{"loc":{"start":{"line":64,"column":9},"end":{"line":66,"column":9}},"type":"binary-expr","locations":[{"start":{"line":64,"column":9},"end":{"line":64,"column":48}},{"start":{"line":65,"column":10},"end":{"line":65,"column":77}}],"line":64}},"s":{"0":2,"1":1,"2":1,"3":1,"4":1,"5":1,"6":1,"7":1,"8":2,"9":1,"10":1,"11":1,"12":1,"13":0,"14":1,"15":0,"16":0,"17":2,"18":0,"19":2,"20":2,"21":2,"22":2,"23":2},"f":{"0":1,"1":1,"2":1,"3":2,"4":0,"5":0,"6":2,"7":0},"b":{"0":[1,0],"1":[1,0]},"_coverageSchema":"1a1c01bbd47fc00a2c39e90264f33305004495a9","hash":"c10995e3b46c2b3700c65f698fcab7e3a0a076d3"}
,"/Users/theodericonipe/Documents/react-native-tests/members-and-teams/src/screens/Team/index.js": {"path":"/Users/theodericonipe/Documents/react-native-tests/members-and-teams/src/screens/Team/index.js","statementMap":{},"fnMap":{},"branchMap":{},"s":{},"f":{},"b":{},"_coverageSchema":"1a1c01bbd47fc00a2c39e90264f33305004495a9","hash":"c0ec9599599433a31b07ef3c56bcaee110bd95ee"}
,"/Users/theodericonipe/Documents/react-native-tests/members-and-teams/src/utils/descriptive.js": {"path":"/Users/theodericonipe/Documents/react-native-tests/members-and-teams/src/utils/descriptive.js","statementMap":{"0":{"start":{"line":1,"column":20},"end":{"line":12,"column":1}},"1":{"start":{"line":2,"column":20},"end":{"line":2,"column":47}},"2":{"start":{"line":3,"column":18},"end":{"line":3,"column":31}},"3":{"start":{"line":5,"column":4},"end":{"line":9,"column":15}},"4":{"start":{"line":11,"column":2},"end":{"line":11,"column":48}}},"fnMap":{"0":{"name":"(anonymous_0)","decl":{"start":{"line":1,"column":20},"end":{"line":1,"column":21}},"loc":{"start":{"line":1,"column":45},"end":{"line":12,"column":1}},"line":1}},"branchMap":{"0":{"loc":{"start":{"line":5,"column":4},"end":{"line":9,"column":15}},"type":"cond-expr","locations":[{"start":{"line":6,"column":8},"end":{"line":6,"column":10}},{"start":{"line":7,"column":8},"end":{"line":9,"column":15}}],"line":5},"1":{"loc":{"start":{"line":7,"column":8},"end":{"line":9,"column":15}},"type":"cond-expr","locations":[{"start":{"line":8,"column":8},"end":{"line":8,"column":16}},{"start":{"line":9,"column":8},"end":{"line":9,"column":15}}],"line":7},"2":{"loc":{"start":{"line":7,"column":8},"end":{"line":7,"column":40}},"type":"binary-expr","locations":[{"start":{"line":7,"column":8},"end":{"line":7,"column":22}},{"start":{"line":7,"column":26},"end":{"line":7,"column":40}}],"line":7}},"s":{"0":7,"1":3,"2":3,"3":3,"4":3},"f":{"0":3},"b":{"0":[0,3],"1":[1,2],"2":[3,1]},"_coverageSchema":"1a1c01bbd47fc00a2c39e90264f33305004495a9","hash":"a94db653578e0f1d798df1d7673b160eae84fd0e"}
,"/Users/theodericonipe/Documents/react-native-tests/members-and-teams/src/utils/firstLetter.js": {"path":"/Users/theodericonipe/Documents/react-native-tests/members-and-teams/src/utils/firstLetter.js","statementMap":{"0":{"start":{"line":1,"column":20},"end":{"line":3,"column":1}},"1":{"start":{"line":2,"column":2},"end":{"line":2,"column":29}}},"fnMap":{"0":{"name":"(anonymous_0)","decl":{"start":{"line":1,"column":20},"end":{"line":1,"column":21}},"loc":{"start":{"line":1,"column":34},"end":{"line":3,"column":1}},"line":1}},"branchMap":{"0":{"loc":{"start":{"line":1,"column":21},"end":{"line":1,"column":29}},"type":"default-arg","locations":[{"start":{"line":1,"column":27},"end":{"line":1,"column":29}}],"line":1}},"s":{"0":7,"1":26},"f":{"0":26},"b":{"0":[1]},"_coverageSchema":"1a1c01bbd47fc00a2c39e90264f33305004495a9","hash":"768a0467f502eab2bb8dc5e5af6370179ea19d14"}
,"/Users/theodericonipe/Documents/react-native-tests/members-and-teams/src/utils/index.js": {"path":"/Users/theodericonipe/Documents/react-native-tests/members-and-teams/src/utils/index.js","statementMap":{},"fnMap":{},"branchMap":{},"s":{},"f":{},"b":{},"_coverageSchema":"1a1c01bbd47fc00a2c39e90264f33305004495a9","hash":"1baa186614ff1616785b486efa2cb78708231bdb"}
}
